2025-02-10T00:20:33.794+05:30  INFO 5596 --- [pg-management-system] [restartedMain] c.p.p.PgManagementSystemApplication      : Starting PgManagementSystemApplication using Java 21.0.5 with PID 5596 (C:\Users\heman\Downloads\final-project-master\target\classes started by heman in C:\Users\heman\Downloads\final-project-master)
2025-02-10T00:20:33.798+05:30 DEBUG 5596 --- [pg-management-system] [restartedMain] c.p.p.PgManagementSystemApplication      : Running with Spring Boot v3.4.2, Spring v6.2.2
2025-02-10T00:20:33.799+05:30  INFO 5596 --- [pg-management-system] [restartedMain] c.p.p.PgManagementSystemApplication      : No active profile set, falling back to 1 default profile: "default"
2025-02-10T00:20:33.839+05:30  INFO 5596 --- [pg-management-system] [restartedMain] .e.DevToolsPropertyDefaultsPostProcessor : Devtools property defaults active! Set 'spring.devtools.add-properties' to 'false' to disable
2025-02-10T00:20:33.839+05:30  INFO 5596 --- [pg-management-system] [restartedMain] .e.DevToolsPropertyDefaultsPostProcessor : For additional web related logging consider setting the 'logging.level.web' property to 'DEBUG'
2025-02-10T00:20:34.279+05:30  INFO 5596 --- [pg-management-system] [restartedMain] .s.d.r.c.RepositoryConfigurationDelegate : Bootstrapping Spring Data JPA repositories in DEFAULT mode.
2025-02-10T00:20:34.325+05:30  INFO 5596 --- [pg-management-system] [restartedMain] .s.d.r.c.RepositoryConfigurationDelegate : Finished Spring Data repository scanning in 38 ms. Found 4 JPA repository interfaces.
2025-02-10T00:20:34.688+05:30  INFO 5596 --- [pg-management-system] [restartedMain] o.s.b.w.embedded.tomcat.TomcatWebServer  : Tomcat initialized with port 6002 (http)
2025-02-10T00:20:34.697+05:30  INFO 5596 --- [pg-management-system] [restartedMain] o.apache.catalina.core.StandardService   : Starting service [Tomcat]
2025-02-10T00:20:34.697+05:30  INFO 5596 --- [pg-management-system] [restartedMain] o.apache.catalina.core.StandardEngine    : Starting Servlet engine: [Apache Tomcat/10.1.34]
2025-02-10T00:20:34.731+05:30  INFO 5596 --- [pg-management-system] [restartedMain] o.a.c.c.C.[Tomcat].[localhost].[/]       : Initializing Spring embedded WebApplicationContext
2025-02-10T00:20:34.731+05:30  INFO 5596 --- [pg-management-system] [restartedMain] w.s.c.ServletWebServerApplicationContext : Root WebApplicationContext: initialization completed in 891 ms
2025-02-10T00:20:34.827+05:30  INFO 5596 --- [pg-management-system] [restartedMain] o.hibernate.jpa.internal.util.LogHelper  : HHH000204: Processing PersistenceUnitInfo [name: default]
2025-02-10T00:20:34.876+05:30  INFO 5596 --- [pg-management-system] [restartedMain] org.hibernate.Version                    : HHH000412: Hibernate ORM core version 6.6.5.Final
2025-02-10T00:20:34.900+05:30  INFO 5596 --- [pg-management-system] [restartedMain] o.h.c.internal.RegionFactoryInitiator    : HHH000026: Second-level cache disabled
2025-02-10T00:20:35.100+05:30  INFO 5596 --- [pg-management-system] [restartedMain] o.s.o.j.p.SpringPersistenceUnitInfo      : No LoadTimeWeaver setup: ignoring JPA class transformer
2025-02-10T00:20:35.123+05:30  INFO 5596 --- [pg-management-system] [restartedMain] com.zaxxer.hikari.HikariDataSource       : HikariPool-1 - Starting...
2025-02-10T00:20:35.376+05:30  INFO 5596 --- [pg-management-system] [restartedMain] com.zaxxer.hikari.pool.HikariPool        : HikariPool-1 - Added connection com.mysql.cj.jdbc.ConnectionImpl@21b72041
2025-02-10T00:20:35.378+05:30  INFO 5596 --- [pg-management-system] [restartedMain] com.zaxxer.hikari.HikariDataSource       : HikariPool-1 - Start completed.
2025-02-10T00:20:35.416+05:30  WARN 5596 --- [pg-management-system] [restartedMain] org.hibernate.orm.deprecation            : HHH90000025: MySQLDialect does not need to be specified explicitly using 'hibernate.dialect' (remove the property setting and it will be selected by default)
2025-02-10T00:20:35.429+05:30  INFO 5596 --- [pg-management-system] [restartedMain] org.hibernate.orm.connections.pooling    : HHH10001005: Database info:
	Database JDBC URL [Connecting through datasource 'HikariDataSource (HikariPool-1)']
	Database driver: undefined/unknown
	Database version: 8.0.41
	Autocommit mode: undefined/unknown
	Isolation level: undefined/unknown
	Minimum pool size: undefined/unknown
	Maximum pool size: undefined/unknown
2025-02-10T00:20:36.131+05:30  INFO 5596 --- [pg-management-system] [restartedMain] o.h.e.t.j.p.i.JtaPlatformInitiator       : HHH000489: No JTA platform available (set 'hibernate.transaction.jta.platform' to enable JTA platform integration)
2025-02-10T00:20:36.178+05:30  INFO 5596 --- [pg-management-system] [restartedMain] j.LocalContainerEntityManagerFactoryBean : Initialized JPA EntityManagerFactory for persistence unit 'default'
2025-02-10T00:20:36.458+05:30  WARN 5596 --- [pg-management-system] [restartedMain] JpaBaseConfiguration$JpaWebConfiguration : spring.jpa.open-in-view is enabled by default. Therefore, database queries may be performed during view rendering. Explicitly configure spring.jpa.open-in-view to disable this warning
2025-02-10T00:20:36.473+05:30  INFO 5596 --- [pg-management-system] [restartedMain] o.s.b.a.w.s.WelcomePageHandlerMapping    : Adding welcome page template: index
2025-02-10T00:20:36.714+05:30  INFO 5596 --- [pg-management-system] [restartedMain] o.s.b.d.a.OptionalLiveReloadServer       : LiveReload server is running on port 35729
2025-02-10T00:20:36.740+05:30  INFO 5596 --- [pg-management-system] [restartedMain] o.s.b.w.embedded.tomcat.TomcatWebServer  : Tomcat started on port 6002 (http) with context path '/'
2025-02-10T00:20:36.747+05:30  INFO 5596 --- [pg-management-system] [restartedMain] c.p.p.PgManagementSystemApplication      : Started PgManagementSystemApplication in 3.252 seconds (process running for 3.723)
2025-02-10T00:20:46.374+05:30  INFO 5596 --- [pg-management-system] [http-nio-6002-exec-1] o.a.c.c.C.[Tomcat].[localhost].[/]       : Initializing Spring DispatcherServlet 'dispatcherServlet'
2025-02-10T00:20:46.374+05:30  INFO 5596 --- [pg-management-system] [http-nio-6002-exec-1] o.s.web.servlet.DispatcherServlet        : Initializing Servlet 'dispatcherServlet'
2025-02-10T00:20:46.376+05:30  INFO 5596 --- [pg-management-system] [http-nio-6002-exec-1] o.s.web.servlet.DispatcherServlet        : Completed initialization in 1 ms
2025-02-10T00:20:46.400+05:30  INFO 5596 --- [pg-management-system] [http-nio-6002-exec-1] c.p.pgmanage.controller.IndexController  : Accessed Home Page
2025-02-10T00:20:49.092+05:30  INFO 5596 --- [pg-management-system] [http-nio-6002-exec-7] c.p.pgmanage.controller.IndexController  : Accessed Contact Us Page
2025-02-10T00:20:51.739+05:30  INFO 5596 --- [pg-management-system] [http-nio-6002-exec-3] c.p.pgmanage.controller.IndexController  : Accessed Home Page
2025-02-10T00:20:52.939+05:30  INFO 5596 --- [pg-management-system] [http-nio-6002-exec-8] c.p.pgmanage.controller.IndexController  : Accessed Login Page
2025-02-10T00:20:54.757+05:30  INFO 5596 --- [pg-management-system] [http-nio-6002-exec-7] c.p.pgmanage.controller.IndexController  : Accessed Home Page
2025-02-10T00:20:56.165+05:30  INFO 5596 --- [pg-management-system] [http-nio-6002-exec-1] c.p.p.controller.RegisterController      : Accessed registration page
2025-02-10T00:29:59.040+05:30  INFO 5596 --- [pg-management-system] [http-nio-6002-exec-4] c.p.p.controller.RegisterController      : Accessed registration page
2025-02-10T00:32:05.761+05:30  INFO 5596 --- [pg-management-system] [RMI TCP Connection(16)-127.0.0.1] inMXBeanRegistrar$SpringApplicationAdmin : Application shutdown requested.
2025-02-10T00:32:05.763+05:30  INFO 5596 --- [pg-management-system] [RMI TCP Connection(16)-127.0.0.1] o.s.b.w.e.tomcat.GracefulShutdown        : Commencing graceful shutdown. Waiting for active requests to complete
2025-02-10T00:32:05.775+05:30  INFO 5596 --- [pg-management-system] [tomcat-shutdown] o.s.b.w.e.tomcat.GracefulShutdown        : Graceful shutdown complete
2025-02-10T00:32:05.779+05:30  INFO 5596 --- [pg-management-system] [RMI TCP Connection(16)-127.0.0.1] j.LocalContainerEntityManagerFactoryBean : Closing JPA EntityManagerFactory for persistence unit 'default'
2025-02-10T00:32:05.782+05:30  INFO 5596 --- [pg-management-system] [RMI TCP Connection(16)-127.0.0.1] com.zaxxer.hikari.HikariDataSource       : HikariPool-1 - Shutdown initiated...
2025-02-10T00:32:05.788+05:30  INFO 5596 --- [pg-management-system] [RMI TCP Connection(16)-127.0.0.1] com.zaxxer.hikari.HikariDataSource       : HikariPool-1 - Shutdown completed.
2025-02-10T00:32:07.397+05:30  INFO 19764 --- [pg-management-system] [restartedMain] c.p.p.PgManagementSystemApplication      : Starting PgManagementSystemApplication using Java 21.0.5 with PID 19764 (C:\Users\heman\Downloads\final-project-master\target\classes started by heman in C:\Users\heman\Downloads\final-project-master)
2025-02-10T00:32:07.398+05:30 DEBUG 19764 --- [pg-management-system] [restartedMain] c.p.p.PgManagementSystemApplication      : Running with Spring Boot v3.4.2, Spring v6.2.2
2025-02-10T00:32:07.399+05:30  INFO 19764 --- [pg-management-system] [restartedMain] c.p.p.PgManagementSystemApplication      : No active profile set, falling back to 1 default profile: "default"
2025-02-10T00:32:07.435+05:30  INFO 19764 --- [pg-management-system] [restartedMain] .e.DevToolsPropertyDefaultsPostProcessor : Devtools property defaults active! Set 'spring.devtools.add-properties' to 'false' to disable
2025-02-10T00:32:07.435+05:30  INFO 19764 --- [pg-management-system] [restartedMain] .e.DevToolsPropertyDefaultsPostProcessor : For additional web related logging consider setting the 'logging.level.web' property to 'DEBUG'
2025-02-10T00:32:07.919+05:30  INFO 19764 --- [pg-management-system] [restartedMain] .s.d.r.c.RepositoryConfigurationDelegate : Bootstrapping Spring Data JPA repositories in DEFAULT mode.
2025-02-10T00:32:07.972+05:30  INFO 19764 --- [pg-management-system] [restartedMain] .s.d.r.c.RepositoryConfigurationDelegate : Finished Spring Data repository scanning in 45 ms. Found 4 JPA repository interfaces.
2025-02-10T00:32:08.372+05:30  INFO 19764 --- [pg-management-system] [restartedMain] o.s.b.w.embedded.tomcat.TomcatWebServer  : Tomcat initialized with port 6002 (http)
2025-02-10T00:32:08.383+05:30  INFO 19764 --- [pg-management-system] [restartedMain] o.apache.catalina.core.StandardService   : Starting service [Tomcat]
2025-02-10T00:32:08.383+05:30  INFO 19764 --- [pg-management-system] [restartedMain] o.apache.catalina.core.StandardEngine    : Starting Servlet engine: [Apache Tomcat/10.1.34]
2025-02-10T00:32:08.418+05:30  INFO 19764 --- [pg-management-system] [restartedMain] o.a.c.c.C.[Tomcat].[localhost].[/]       : Initializing Spring embedded WebApplicationContext
2025-02-10T00:32:08.419+05:30  INFO 19764 --- [pg-management-system] [restartedMain] w.s.c.ServletWebServerApplicationContext : Root WebApplicationContext: initialization completed in 984 ms
2025-02-10T00:32:08.531+05:30  INFO 19764 --- [pg-management-system] [restartedMain] o.hibernate.jpa.internal.util.LogHelper  : HHH000204: Processing PersistenceUnitInfo [name: default]
2025-02-10T00:32:08.575+05:30  INFO 19764 --- [pg-management-system] [restartedMain] org.hibernate.Version                    : HHH000412: Hibernate ORM core version 6.6.5.Final
2025-02-10T00:32:08.602+05:30  INFO 19764 --- [pg-management-system] [restartedMain] o.h.c.internal.RegionFactoryInitiator    : HHH000026: Second-level cache disabled
2025-02-10T00:32:08.835+05:30  INFO 19764 --- [pg-management-system] [restartedMain] o.s.o.j.p.SpringPersistenceUnitInfo      : No LoadTimeWeaver setup: ignoring JPA class transformer
2025-02-10T00:32:08.858+05:30  INFO 19764 --- [pg-management-system] [restartedMain] com.zaxxer.hikari.HikariDataSource       : HikariPool-1 - Starting...
2025-02-10T00:32:09.148+05:30  INFO 19764 --- [pg-management-system] [restartedMain] com.zaxxer.hikari.pool.HikariPool        : HikariPool-1 - Added connection com.mysql.cj.jdbc.ConnectionImpl@3cf1f52
2025-02-10T00:32:09.150+05:30  INFO 19764 --- [pg-management-system] [restartedMain] com.zaxxer.hikari.HikariDataSource       : HikariPool-1 - Start completed.
2025-02-10T00:32:09.195+05:30  WARN 19764 --- [pg-management-system] [restartedMain] org.hibernate.orm.deprecation            : HHH90000025: MySQLDialect does not need to be specified explicitly using 'hibernate.dialect' (remove the property setting and it will be selected by default)
2025-02-10T00:32:09.211+05:30  INFO 19764 --- [pg-management-system] [restartedMain] org.hibernate.orm.connections.pooling    : HHH10001005: Database info:
	Database JDBC URL [Connecting through datasource 'HikariDataSource (HikariPool-1)']
	Database driver: undefined/unknown
	Database version: 8.0.41
	Autocommit mode: undefined/unknown
	Isolation level: undefined/unknown
	Minimum pool size: undefined/unknown
	Maximum pool size: undefined/unknown
2025-02-10T00:32:09.968+05:30  INFO 19764 --- [pg-management-system] [restartedMain] o.h.e.t.j.p.i.JtaPlatformInitiator       : HHH000489: No JTA platform available (set 'hibernate.transaction.jta.platform' to enable JTA platform integration)
2025-02-10T00:32:10.024+05:30  INFO 19764 --- [pg-management-system] [restartedMain] j.LocalContainerEntityManagerFactoryBean : Initialized JPA EntityManagerFactory for persistence unit 'default'
2025-02-10T00:32:10.334+05:30  WARN 19764 --- [pg-management-system] [restartedMain] JpaBaseConfiguration$JpaWebConfiguration : spring.jpa.open-in-view is enabled by default. Therefore, database queries may be performed during view rendering. Explicitly configure spring.jpa.open-in-view to disable this warning
2025-02-10T00:32:10.351+05:30  INFO 19764 --- [pg-management-system] [restartedMain] o.s.b.a.w.s.WelcomePageHandlerMapping    : Adding welcome page template: index
2025-02-10T00:32:10.614+05:30  INFO 19764 --- [pg-management-system] [restartedMain] o.s.b.d.a.OptionalLiveReloadServer       : LiveReload server is running on port 35729
2025-02-10T00:32:10.645+05:30  INFO 19764 --- [pg-management-system] [restartedMain] o.s.b.w.embedded.tomcat.TomcatWebServer  : Tomcat started on port 6002 (http) with context path '/'
2025-02-10T00:32:10.652+05:30  INFO 19764 --- [pg-management-system] [restartedMain] c.p.p.PgManagementSystemApplication      : Started PgManagementSystemApplication in 3.574 seconds (process running for 4.076)
2025-02-10T00:32:19.194+05:30  INFO 19764 --- [pg-management-system] [http-nio-6002-exec-1] o.a.c.c.C.[Tomcat].[localhost].[/]       : Initializing Spring DispatcherServlet 'dispatcherServlet'
2025-02-10T00:32:19.194+05:30  INFO 19764 --- [pg-management-system] [http-nio-6002-exec-1] o.s.web.servlet.DispatcherServlet        : Initializing Servlet 'dispatcherServlet'
2025-02-10T00:32:19.195+05:30  INFO 19764 --- [pg-management-system] [http-nio-6002-exec-1] o.s.web.servlet.DispatcherServlet        : Completed initialization in 1 ms
2025-02-10T00:32:19.224+05:30  INFO 19764 --- [pg-management-system] [http-nio-6002-exec-1] c.p.p.controller.RegisterController      : Accessed registration page
2025-02-10T00:34:39.804+05:30  INFO 19764 --- [pg-management-system] [RMI TCP Connection(6)-127.0.0.1] inMXBeanRegistrar$SpringApplicationAdmin : Application shutdown requested.
2025-02-10T00:34:39.807+05:30  INFO 19764 --- [pg-management-system] [RMI TCP Connection(6)-127.0.0.1] o.s.b.w.e.tomcat.GracefulShutdown        : Commencing graceful shutdown. Waiting for active requests to complete
2025-02-10T00:34:39.818+05:30  INFO 19764 --- [pg-management-system] [tomcat-shutdown] o.s.b.w.e.tomcat.GracefulShutdown        : Graceful shutdown complete
2025-02-10T00:34:39.821+05:30  INFO 19764 --- [pg-management-system] [RMI TCP Connection(6)-127.0.0.1] j.LocalContainerEntityManagerFactoryBean : Closing JPA EntityManagerFactory for persistence unit 'default'
2025-02-10T00:34:39.823+05:30  INFO 19764 --- [pg-management-system] [RMI TCP Connection(6)-127.0.0.1] com.zaxxer.hikari.HikariDataSource       : HikariPool-1 - Shutdown initiated...
2025-02-10T00:34:39.829+05:30  INFO 19764 --- [pg-management-system] [RMI TCP Connection(6)-127.0.0.1] com.zaxxer.hikari.HikariDataSource       : HikariPool-1 - Shutdown completed.
2025-02-10T00:34:41.454+05:30  INFO 700 --- [pg-management-system] [restartedMain] c.p.p.PgManagementSystemApplication      : Starting PgManagementSystemApplication using Java 21.0.5 with PID 700 (C:\Users\heman\Downloads\final-project-master\target\classes started by heman in C:\Users\heman\Downloads\final-project-master)
2025-02-10T00:34:41.456+05:30 DEBUG 700 --- [pg-management-system] [restartedMain] c.p.p.PgManagementSystemApplication      : Running with Spring Boot v3.4.2, Spring v6.2.2
2025-02-10T00:34:41.456+05:30  INFO 700 --- [pg-management-system] [restartedMain] c.p.p.PgManagementSystemApplication      : No active profile set, falling back to 1 default profile: "default"
2025-02-10T00:34:41.490+05:30  INFO 700 --- [pg-management-system] [restartedMain] .e.DevToolsPropertyDefaultsPostProcessor : Devtools property defaults active! Set 'spring.devtools.add-properties' to 'false' to disable
2025-02-10T00:34:41.490+05:30  INFO 700 --- [pg-management-system] [restartedMain] .e.DevToolsPropertyDefaultsPostProcessor : For additional web related logging consider setting the 'logging.level.web' property to 'DEBUG'
2025-02-10T00:34:41.980+05:30  INFO 700 --- [pg-management-system] [restartedMain] .s.d.r.c.RepositoryConfigurationDelegate : Bootstrapping Spring Data JPA repositories in DEFAULT mode.
2025-02-10T00:34:42.030+05:30  INFO 700 --- [pg-management-system] [restartedMain] .s.d.r.c.RepositoryConfigurationDelegate : Finished Spring Data repository scanning in 40 ms. Found 4 JPA repository interfaces.
2025-02-10T00:34:42.430+05:30  INFO 700 --- [pg-management-system] [restartedMain] o.s.b.w.embedded.tomcat.TomcatWebServer  : Tomcat initialized with port 6002 (http)
2025-02-10T00:34:42.442+05:30  INFO 700 --- [pg-management-system] [restartedMain] o.apache.catalina.core.StandardService   : Starting service [Tomcat]
2025-02-10T00:34:42.442+05:30  INFO 700 --- [pg-management-system] [restartedMain] o.apache.catalina.core.StandardEngine    : Starting Servlet engine: [Apache Tomcat/10.1.34]
2025-02-10T00:34:42.478+05:30  INFO 700 --- [pg-management-system] [restartedMain] o.a.c.c.C.[Tomcat].[localhost].[/]       : Initializing Spring embedded WebApplicationContext
2025-02-10T00:34:42.478+05:30  INFO 700 --- [pg-management-system] [restartedMain] w.s.c.ServletWebServerApplicationContext : Root WebApplicationContext: initialization completed in 988 ms
2025-02-10T00:34:42.584+05:30  INFO 700 --- [pg-management-system] [restartedMain] o.hibernate.jpa.internal.util.LogHelper  : HHH000204: Processing PersistenceUnitInfo [name: default]
2025-02-10T00:34:42.628+05:30  INFO 700 --- [pg-management-system] [restartedMain] org.hibernate.Version                    : HHH000412: Hibernate ORM core version 6.6.5.Final
2025-02-10T00:34:42.662+05:30  INFO 700 --- [pg-management-system] [restartedMain] o.h.c.internal.RegionFactoryInitiator    : HHH000026: Second-level cache disabled
2025-02-10T00:34:42.876+05:30  INFO 700 --- [pg-management-system] [restartedMain] o.s.o.j.p.SpringPersistenceUnitInfo      : No LoadTimeWeaver setup: ignoring JPA class transformer
2025-02-10T00:34:42.900+05:30  INFO 700 --- [pg-management-system] [restartedMain] com.zaxxer.hikari.HikariDataSource       : HikariPool-1 - Starting...
2025-02-10T00:34:43.174+05:30  INFO 700 --- [pg-management-system] [restartedMain] com.zaxxer.hikari.pool.HikariPool        : HikariPool-1 - Added connection com.mysql.cj.jdbc.ConnectionImpl@76b9b00d
2025-02-10T00:34:43.177+05:30  INFO 700 --- [pg-management-system] [restartedMain] com.zaxxer.hikari.HikariDataSource       : HikariPool-1 - Start completed.
2025-02-10T00:34:43.217+05:30  WARN 700 --- [pg-management-system] [restartedMain] org.hibernate.orm.deprecation            : HHH90000025: MySQLDialect does not need to be specified explicitly using 'hibernate.dialect' (remove the property setting and it will be selected by default)
2025-02-10T00:34:43.234+05:30  INFO 700 --- [pg-management-system] [restartedMain] org.hibernate.orm.connections.pooling    : HHH10001005: Database info:
	Database JDBC URL [Connecting through datasource 'HikariDataSource (HikariPool-1)']
	Database driver: undefined/unknown
	Database version: 8.0.41
	Autocommit mode: undefined/unknown
	Isolation level: undefined/unknown
	Minimum pool size: undefined/unknown
	Maximum pool size: undefined/unknown
2025-02-10T00:34:43.992+05:30  INFO 700 --- [pg-management-system] [restartedMain] o.h.e.t.j.p.i.JtaPlatformInitiator       : HHH000489: No JTA platform available (set 'hibernate.transaction.jta.platform' to enable JTA platform integration)
2025-02-10T00:34:44.046+05:30  INFO 700 --- [pg-management-system] [restartedMain] j.LocalContainerEntityManagerFactoryBean : Initialized JPA EntityManagerFactory for persistence unit 'default'
2025-02-10T00:34:44.356+05:30  WARN 700 --- [pg-management-system] [restartedMain] JpaBaseConfiguration$JpaWebConfiguration : spring.jpa.open-in-view is enabled by default. Therefore, database queries may be performed during view rendering. Explicitly configure spring.jpa.open-in-view to disable this warning
2025-02-10T00:34:44.374+05:30  INFO 700 --- [pg-management-system] [restartedMain] o.s.b.a.w.s.WelcomePageHandlerMapping    : Adding welcome page template: index
2025-02-10T00:34:44.633+05:30  INFO 700 --- [pg-management-system] [restartedMain] o.s.b.d.a.OptionalLiveReloadServer       : LiveReload server is running on port 35729
2025-02-10T00:34:44.664+05:30  INFO 700 --- [pg-management-system] [restartedMain] o.s.b.w.embedded.tomcat.TomcatWebServer  : Tomcat started on port 6002 (http) with context path '/'
2025-02-10T00:34:44.671+05:30  INFO 700 --- [pg-management-system] [restartedMain] c.p.p.PgManagementSystemApplication      : Started PgManagementSystemApplication in 3.533 seconds (process running for 4.054)
2025-02-10T00:34:56.662+05:30  INFO 700 --- [pg-management-system] [http-nio-6002-exec-1] o.a.c.c.C.[Tomcat].[localhost].[/]       : Initializing Spring DispatcherServlet 'dispatcherServlet'
2025-02-10T00:34:56.662+05:30  INFO 700 --- [pg-management-system] [http-nio-6002-exec-1] o.s.web.servlet.DispatcherServlet        : Initializing Servlet 'dispatcherServlet'
2025-02-10T00:34:56.663+05:30  INFO 700 --- [pg-management-system] [http-nio-6002-exec-1] o.s.web.servlet.DispatcherServlet        : Completed initialization in 1 ms
2025-02-10T00:34:56.694+05:30  INFO 700 --- [pg-management-system] [http-nio-6002-exec-1] c.p.p.controller.RegisterController      : Accessed registration page
2025-02-10T00:34:57.980+05:30  INFO 700 --- [pg-management-system] [http-nio-6002-exec-7] c.p.p.controller.RegisterController      : Accessed registration page
2025-02-10T00:35:21.169+05:30  INFO 700 --- [pg-management-system] [http-nio-6002-exec-3] c.p.p.controller.RegisterController      : New registration attempt for email: ganesh1@gmail.com
2025-02-10T00:35:21.169+05:30  INFO 700 --- [pg-management-system] [http-nio-6002-exec-3] c.pgms.pgmanage.service.TenantService    : Registering new tenant: SanketChad21
2025-02-10T00:35:21.308+05:30  INFO 700 --- [pg-management-system] [http-nio-6002-exec-3] c.pgms.pgmanage.service.TenantService    : Registration successful for tenant: SanketChad21
2025-02-10T00:35:21.308+05:30  INFO 700 --- [pg-management-system] [http-nio-6002-exec-3] c.p.p.controller.RegisterController      : Registration successful for email: ganesh1@gmail.com
2025-02-10T00:35:21.315+05:30  INFO 700 --- [pg-management-system] [http-nio-6002-exec-4] c.p.pgmanage.controller.LoginController  : Tenant login page accessed
2025-02-10T00:36:23.834+05:30  INFO 700 --- [pg-management-system] [http-nio-6002-exec-7] c.p.pgmanage.controller.LoginController  : Tenant login attempt with email: ganesh1@gmail.com
2025-02-10T00:36:23.835+05:30  INFO 700 --- [pg-management-system] [http-nio-6002-exec-7] c.pgms.pgmanage.service.TenantService    : Authenticating tenant with email: ganesh1@gmail.com
2025-02-10T00:36:23.852+05:30  INFO 700 --- [pg-management-system] [http-nio-6002-exec-7] c.pgms.pgmanage.service.TenantService    : Authentication successful for tenant: SanketChad21
2025-02-10T00:36:23.852+05:30  INFO 700 --- [pg-management-system] [http-nio-6002-exec-7] c.p.pgmanage.controller.LoginController  : Tenant login successful: ganesh1@gmail.com
2025-02-10T00:36:23.857+05:30  INFO 700 --- [pg-management-system] [http-nio-6002-exec-2] c.pgms.pgmanage.service.TenantService    : Fetching tenant with email: ganesh1@gmail.com
2025-02-10T00:36:23.860+05:30  INFO 700 --- [pg-management-system] [http-nio-6002-exec-2] c.p.p.controller.TenantController        : Tenant dashboard accessed by: ganesh1@gmail.com
2025-02-10T00:36:23.860+05:30  INFO 700 --- [pg-management-system] [http-nio-6002-exec-2] c.pgms.pgmanage.service.TenantService    : Fetching available rooms...
2025-02-10T00:36:23.864+05:30  INFO 700 --- [pg-management-system] [http-nio-6002-exec-2] c.pgms.pgmanage.service.TenantService    : Found 1 available rooms.
2025-02-10T00:36:23.864+05:30  INFO 700 --- [pg-management-system] [http-nio-6002-exec-2] c.pgms.pgmanage.service.TenantService    : Fetching allocated room number for tenant ID: 16
2025-02-10T00:36:23.869+05:30  INFO 700 --- [pg-management-system] [http-nio-6002-exec-2] c.pgms.pgmanage.service.TenantService    : Tenant ID 16 does not have an approved booking.
2025-02-10T00:36:33.901+05:30  INFO 700 --- [pg-management-system] [http-nio-6002-exec-3] c.p.p.controller.TenantController        : Tenant ganesh1@gmail.com requesting booking for Room 11 (Check-in: 2025-02-10, Check-out: 2025-02-26)
2025-02-10T00:36:33.901+05:30  INFO 700 --- [pg-management-system] [http-nio-6002-exec-3] c.pgms.pgmanage.service.TenantService    : Processing booking request for tenant: ganesh1@gmail.com | Room No: 11 | Check-in: 2025-02-10 | Check-out: 2025-02-26
2025-02-10T00:36:33.908+05:30  INFO 700 --- [pg-management-system] [http-nio-6002-exec-3] c.pgms.pgmanage.service.TenantService    : Checking active booking for Tenant ID 16: NO
2025-02-10T00:36:33.929+05:30  INFO 700 --- [pg-management-system] [http-nio-6002-exec-3] c.pgms.pgmanage.service.TenantService    : Booking request sent successfully for Tenant: SanketChad21 | Room No: 11
2025-02-10T00:36:33.929+05:30  INFO 700 --- [pg-management-system] [http-nio-6002-exec-3] c.p.p.controller.TenantController        : Booking response for ganesh1@gmail.com: Booking request sent successfully!
2025-02-10T00:36:33.932+05:30  INFO 700 --- [pg-management-system] [http-nio-6002-exec-4] c.pgms.pgmanage.service.TenantService    : Fetching tenant with email: ganesh1@gmail.com
2025-02-10T00:36:33.935+05:30  INFO 700 --- [pg-management-system] [http-nio-6002-exec-4] c.p.p.controller.TenantController        : Tenant dashboard accessed by: ganesh1@gmail.com
2025-02-10T00:36:33.935+05:30  INFO 700 --- [pg-management-system] [http-nio-6002-exec-4] c.pgms.pgmanage.service.TenantService    : Fetching available rooms...
2025-02-10T00:36:33.937+05:30  INFO 700 --- [pg-management-system] [http-nio-6002-exec-4] c.pgms.pgmanage.service.TenantService    : Found 1 available rooms.
2025-02-10T00:36:33.937+05:30  INFO 700 --- [pg-management-system] [http-nio-6002-exec-4] c.pgms.pgmanage.service.TenantService    : Fetching allocated room number for tenant ID: 16
2025-02-10T00:36:33.939+05:30  INFO 700 --- [pg-management-system] [http-nio-6002-exec-4] c.pgms.pgmanage.service.TenantService    : Tenant ID 16 does not have an approved booking.
2025-02-10T00:36:33.939+05:30  INFO 700 --- [pg-management-system] [http-nio-6002-exec-4] c.p.p.controller.TenantController        : Displaying booking message: Booking request sent successfully!
2025-02-10T00:36:43.642+05:30  WARN 700 --- [pg-management-system] [http-nio-6002-exec-10] c.p.p.controller.ManagerController       : Unauthorized access attempt to Manage Rooms page
2025-02-10T00:36:43.651+05:30  INFO 700 --- [pg-management-system] [http-nio-6002-exec-1] c.p.p.controller.ManagerController       : Manager login page accessed
2025-02-10T00:36:48.761+05:30  INFO 700 --- [pg-management-system] [http-nio-6002-exec-7] c.p.p.controller.ManagerController       : Manager login attempt with email: admin@happyhomes.com
2025-02-10T00:36:48.761+05:30  INFO 700 --- [pg-management-system] [http-nio-6002-exec-7] c.pgms.pgmanage.service.ManagerService   : Manager login attempt: admin@happyhomes.com
2025-02-10T00:36:48.765+05:30  INFO 700 --- [pg-management-system] [http-nio-6002-exec-7] c.pgms.pgmanage.service.ManagerService   : Manager login successful: admin@happyhomes.com
2025-02-10T00:36:48.765+05:30  INFO 700 --- [pg-management-system] [http-nio-6002-exec-7] c.p.p.controller.ManagerController       : Manager login successful: admin@happyhomes.com
2025-02-10T00:36:48.768+05:30  INFO 700 --- [pg-management-system] [http-nio-6002-exec-8] c.p.p.controller.ManagerController       : Manager accessing dashboard
2025-02-10T00:36:48.768+05:30  INFO 700 --- [pg-management-system] [http-nio-6002-exec-8] c.pgms.pgmanage.service.ManagerService   : Fetching pending bookings.
2025-02-10T00:36:48.773+05:30  INFO 700 --- [pg-management-system] [http-nio-6002-exec-8] c.pgms.pgmanage.service.ManagerService   : Fetching all tenants.
2025-02-10T00:36:48.779+05:30  INFO 700 --- [pg-management-system] [http-nio-6002-exec-8] c.pgms.pgmanage.service.ManagerService   : Fetching all bookings in descending order.
2025-02-10T00:36:51.330+05:30  INFO 700 --- [pg-management-system] [http-nio-6002-exec-3] c.p.p.controller.ManagerController       : Manager rejecting booking ID: 24
2025-02-10T00:36:51.331+05:30  INFO 700 --- [pg-management-system] [http-nio-6002-exec-3] c.pgms.pgmanage.service.ManagerService   : Attempting to reject booking with ID: 24
2025-02-10T00:36:51.347+05:30  INFO 700 --- [pg-management-system] [http-nio-6002-exec-3] c.pgms.pgmanage.service.ManagerService   : Booking ID: 24 rejected.
2025-02-10T00:36:51.350+05:30  INFO 700 --- [pg-management-system] [http-nio-6002-exec-9] c.p.p.controller.ManagerController       : Manager accessing dashboard
2025-02-10T00:36:51.350+05:30  INFO 700 --- [pg-management-system] [http-nio-6002-exec-9] c.pgms.pgmanage.service.ManagerService   : Fetching pending bookings.
2025-02-10T00:36:51.352+05:30  INFO 700 --- [pg-management-system] [http-nio-6002-exec-9] c.pgms.pgmanage.service.ManagerService   : Fetching all tenants.
2025-02-10T00:36:51.356+05:30  INFO 700 --- [pg-management-system] [http-nio-6002-exec-9] c.pgms.pgmanage.service.ManagerService   : Fetching all bookings in descending order.
2025-02-10T00:36:54.155+05:30  INFO 700 --- [pg-management-system] [http-nio-6002-exec-10] c.pgms.pgmanage.service.TenantService    : Fetching tenant with email: ganesh1@gmail.com
2025-02-10T00:36:54.158+05:30  INFO 700 --- [pg-management-system] [http-nio-6002-exec-10] c.p.p.controller.TenantController        : Tenant dashboard accessed by: ganesh1@gmail.com
2025-02-10T00:36:54.158+05:30  INFO 700 --- [pg-management-system] [http-nio-6002-exec-10] c.pgms.pgmanage.service.TenantService    : Fetching available rooms...
2025-02-10T00:36:54.160+05:30  INFO 700 --- [pg-management-system] [http-nio-6002-exec-10] c.pgms.pgmanage.service.TenantService    : Found 1 available rooms.
2025-02-10T00:36:54.160+05:30  INFO 700 --- [pg-management-system] [http-nio-6002-exec-10] c.pgms.pgmanage.service.TenantService    : Fetching allocated room number for tenant ID: 16
2025-02-10T00:36:54.162+05:30  INFO 700 --- [pg-management-system] [http-nio-6002-exec-10] c.pgms.pgmanage.service.TenantService    : Tenant ID 16 does not have an approved booking.
2025-02-10T00:37:01.638+05:30  INFO 700 --- [pg-management-system] [http-nio-6002-exec-7] c.p.p.controller.TenantController        : Tenant ganesh1@gmail.com requesting booking for Room 11 (Check-in: 2025-02-11, Check-out: 2025-02-25)
2025-02-10T00:37:01.638+05:30  INFO 700 --- [pg-management-system] [http-nio-6002-exec-7] c.pgms.pgmanage.service.TenantService    : Processing booking request for tenant: ganesh1@gmail.com | Room No: 11 | Check-in: 2025-02-11 | Check-out: 2025-02-25
2025-02-10T00:37:01.642+05:30  INFO 700 --- [pg-management-system] [http-nio-6002-exec-7] c.pgms.pgmanage.service.TenantService    : Checking active booking for Tenant ID 16: NO
2025-02-10T00:37:01.656+05:30  INFO 700 --- [pg-management-system] [http-nio-6002-exec-7] c.pgms.pgmanage.service.TenantService    : Booking request sent successfully for Tenant: SanketChad21 | Room No: 11
2025-02-10T00:37:01.656+05:30  INFO 700 --- [pg-management-system] [http-nio-6002-exec-7] c.p.p.controller.TenantController        : Booking response for ganesh1@gmail.com: Booking request sent successfully!
2025-02-10T00:37:01.659+05:30  INFO 700 --- [pg-management-system] [http-nio-6002-exec-5] c.pgms.pgmanage.service.TenantService    : Fetching tenant with email: ganesh1@gmail.com
2025-02-10T00:37:01.661+05:30  INFO 700 --- [pg-management-system] [http-nio-6002-exec-5] c.p.p.controller.TenantController        : Tenant dashboard accessed by: ganesh1@gmail.com
2025-02-10T00:37:01.661+05:30  INFO 700 --- [pg-management-system] [http-nio-6002-exec-5] c.pgms.pgmanage.service.TenantService    : Fetching available rooms...
2025-02-10T00:37:01.663+05:30  INFO 700 --- [pg-management-system] [http-nio-6002-exec-5] c.pgms.pgmanage.service.TenantService    : Found 1 available rooms.
2025-02-10T00:37:01.663+05:30  INFO 700 --- [pg-management-system] [http-nio-6002-exec-5] c.pgms.pgmanage.service.TenantService    : Fetching allocated room number for tenant ID: 16
2025-02-10T00:37:01.665+05:30  INFO 700 --- [pg-management-system] [http-nio-6002-exec-5] c.pgms.pgmanage.service.TenantService    : Tenant ID 16 does not have an approved booking.
2025-02-10T00:37:01.666+05:30  INFO 700 --- [pg-management-system] [http-nio-6002-exec-5] c.p.p.controller.TenantController        : Displaying booking message: Booking request sent successfully!
2025-02-10T00:37:05.091+05:30  INFO 700 --- [pg-management-system] [http-nio-6002-exec-6] c.p.p.controller.ManagerController       : Manager accessing dashboard
2025-02-10T00:37:05.091+05:30  INFO 700 --- [pg-management-system] [http-nio-6002-exec-6] c.pgms.pgmanage.service.ManagerService   : Fetching pending bookings.
2025-02-10T00:37:05.098+05:30  INFO 700 --- [pg-management-system] [http-nio-6002-exec-6] c.pgms.pgmanage.service.ManagerService   : Fetching all tenants.
2025-02-10T00:37:05.103+05:30  INFO 700 --- [pg-management-system] [http-nio-6002-exec-6] c.pgms.pgmanage.service.ManagerService   : Fetching all bookings in descending order.
2025-02-10T00:37:08.550+05:30  INFO 700 --- [pg-management-system] [http-nio-6002-exec-1] c.p.p.controller.ManagerController       : Manager accessing room management page
2025-02-10T00:37:08.551+05:30  INFO 700 --- [pg-management-system] [http-nio-6002-exec-1] c.pgms.pgmanage.service.ManagerService   : Fetching all rooms for management.
2025-02-10T00:37:12.319+05:30  INFO 700 --- [pg-management-system] [http-nio-6002-exec-7] c.p.p.controller.ManagerController       : Adding new room: Room No 1111, Type: AC
2025-02-10T00:37:12.320+05:30  INFO 700 --- [pg-management-system] [http-nio-6002-exec-7] c.pgms.pgmanage.service.ManagerService   : Attempting to add Room No: 1111, Type: AC
2025-02-10T00:37:12.579+05:30  INFO 700 --- [pg-management-system] [http-nio-6002-exec-7] c.pgms.pgmanage.service.ManagerService   : Room No: 1111 successfully added.
2025-02-10T00:37:12.594+05:30  INFO 700 --- [pg-management-system] [http-nio-6002-exec-8] c.p.p.controller.ManagerController       : Manager accessing room management page
2025-02-10T00:37:12.594+05:30  INFO 700 --- [pg-management-system] [http-nio-6002-exec-8] c.pgms.pgmanage.service.ManagerService   : Fetching all rooms for management.
2025-02-10T00:37:16.401+05:30  INFO 700 --- [pg-management-system] [http-nio-6002-exec-3] c.p.p.controller.ManagerController       : Adding new room: Room No 1111, Type: AC
2025-02-10T00:37:16.401+05:30  INFO 700 --- [pg-management-system] [http-nio-6002-exec-3] c.pgms.pgmanage.service.ManagerService   : Attempting to add Room No: 1111, Type: AC
2025-02-10T00:37:16.407+05:30  WARN 700 --- [pg-management-system] [http-nio-6002-exec-3] c.pgms.pgmanage.service.ManagerService   : Room No: 1111 already exists!
2025-02-10T00:37:16.408+05:30  WARN 700 --- [pg-management-system] [http-nio-6002-exec-3] c.p.p.controller.ManagerController       : Room already exists: Room number 1111 already exists!
2025-02-10T00:37:16.414+05:30  INFO 700 --- [pg-management-system] [http-nio-6002-exec-10] c.p.p.controller.ManagerController       : Manager accessing room management page
2025-02-10T00:37:16.414+05:30  INFO 700 --- [pg-management-system] [http-nio-6002-exec-10] c.pgms.pgmanage.service.ManagerService   : Fetching all rooms for management.
2025-02-10T00:37:20.898+05:30  INFO 700 --- [pg-management-system] [http-nio-6002-exec-9] c.p.p.controller.ManagerController       : Attempting to remove room: Room No 102
2025-02-10T00:37:20.900+05:30  INFO 700 --- [pg-management-system] [http-nio-6002-exec-9] c.pgms.pgmanage.service.ManagerService   : Attempting to remove Room No: 102
2025-02-10T00:37:20.902+05:30  WARN 700 --- [pg-management-system] [http-nio-6002-exec-9] c.pgms.pgmanage.service.ManagerService   : Room No: 102 not found for deletion.
2025-02-10T00:37:20.904+05:30 ERROR 700 --- [pg-management-system] [http-nio-6002-exec-9] c.p.p.controller.ManagerController       : Unexpected error while removing room: Room not found
2025-02-10T00:37:20.908+05:30  INFO 700 --- [pg-management-system] [http-nio-6002-exec-5] c.p.p.controller.ManagerController       : Manager accessing room management page
2025-02-10T00:37:20.908+05:30  INFO 700 --- [pg-management-system] [http-nio-6002-exec-5] c.pgms.pgmanage.service.ManagerService   : Fetching all rooms for management.
2025-02-10T00:37:24.889+05:30  INFO 700 --- [pg-management-system] [http-nio-6002-exec-2] c.p.p.controller.ManagerController       : Attempting to remove room: Room No 1111
2025-02-10T00:37:24.890+05:30  INFO 700 --- [pg-management-system] [http-nio-6002-exec-2] c.pgms.pgmanage.service.ManagerService   : Attempting to remove Room No: 1111
2025-02-10T00:37:24.899+05:30  INFO 700 --- [pg-management-system] [http-nio-6002-exec-2] c.pgms.pgmanage.service.ManagerService   : Deleted all bookings associated with Room No: 1111
2025-02-10T00:37:24.904+05:30  INFO 700 --- [pg-management-system] [http-nio-6002-exec-2] c.pgms.pgmanage.service.ManagerService   : Room No: 1111 successfully removed.
2025-02-10T00:37:24.914+05:30  INFO 700 --- [pg-management-system] [http-nio-6002-exec-6] c.p.p.controller.ManagerController       : Manager accessing room management page
2025-02-10T00:37:24.914+05:30  INFO 700 --- [pg-management-system] [http-nio-6002-exec-6] c.pgms.pgmanage.service.ManagerService   : Fetching all rooms for management.
2025-02-10T00:37:33.334+05:30  INFO 700 --- [pg-management-system] [http-nio-6002-exec-4] c.p.p.controller.ManagerController       : Adding new room: Room No 211, Type: AC
2025-02-10T00:37:33.334+05:30  INFO 700 --- [pg-management-system] [http-nio-6002-exec-4] c.pgms.pgmanage.service.ManagerService   : Attempting to add Room No: 211, Type: AC
2025-02-10T00:37:33.341+05:30  INFO 700 --- [pg-management-system] [http-nio-6002-exec-4] c.pgms.pgmanage.service.ManagerService   : Room No: 211 successfully added.
2025-02-10T00:37:33.346+05:30  INFO 700 --- [pg-management-system] [http-nio-6002-exec-1] c.p.p.controller.ManagerController       : Manager accessing room management page
2025-02-10T00:37:33.347+05:30  INFO 700 --- [pg-management-system] [http-nio-6002-exec-1] c.pgms.pgmanage.service.ManagerService   : Fetching all rooms for management.
2025-02-10T00:37:37.536+05:30  INFO 700 --- [pg-management-system] [http-nio-6002-exec-9] c.p.p.controller.ManagerController       : Adding new room: Room No 221, Type: Non-AC
2025-02-10T00:37:37.537+05:30  INFO 700 --- [pg-management-system] [http-nio-6002-exec-9] c.pgms.pgmanage.service.ManagerService   : Attempting to add Room No: 221, Type: Non-AC
2025-02-10T00:37:37.544+05:30  INFO 700 --- [pg-management-system] [http-nio-6002-exec-9] c.pgms.pgmanage.service.ManagerService   : Room No: 221 successfully added.
2025-02-10T00:37:37.548+05:30  INFO 700 --- [pg-management-system] [http-nio-6002-exec-7] c.p.p.controller.ManagerController       : Manager accessing room management page
2025-02-10T00:37:37.548+05:30  INFO 700 --- [pg-management-system] [http-nio-6002-exec-7] c.pgms.pgmanage.service.ManagerService   : Fetching all rooms for management.
2025-02-10T00:37:41.923+05:30  INFO 700 --- [pg-management-system] [http-nio-6002-exec-3] c.pgms.pgmanage.service.TenantService    : Fetching tenant with email: ganesh1@gmail.com
2025-02-10T00:37:41.926+05:30  INFO 700 --- [pg-management-system] [http-nio-6002-exec-3] c.p.p.controller.TenantController        : Tenant dashboard accessed by: ganesh1@gmail.com
2025-02-10T00:37:41.926+05:30  INFO 700 --- [pg-management-system] [http-nio-6002-exec-3] c.pgms.pgmanage.service.TenantService    : Fetching available rooms...
2025-02-10T00:37:41.928+05:30  INFO 700 --- [pg-management-system] [http-nio-6002-exec-3] c.pgms.pgmanage.service.TenantService    : Found 3 available rooms.
2025-02-10T00:37:41.929+05:30  INFO 700 --- [pg-management-system] [http-nio-6002-exec-3] c.pgms.pgmanage.service.TenantService    : Fetching allocated room number for tenant ID: 16
2025-02-10T00:37:41.931+05:30  INFO 700 --- [pg-management-system] [http-nio-6002-exec-3] c.pgms.pgmanage.service.TenantService    : Tenant ID 16 does not have an approved booking.
2025-02-10T00:37:50.618+05:30  INFO 700 --- [pg-management-system] [http-nio-6002-exec-4] c.p.p.controller.TenantController        : Tenant ganesh1@gmail.com requesting booking for Room 11 (Check-in: 2025-02-10, Check-out: 2025-02-24)
2025-02-10T00:37:50.619+05:30  INFO 700 --- [pg-management-system] [http-nio-6002-exec-4] c.pgms.pgmanage.service.TenantService    : Processing booking request for tenant: ganesh1@gmail.com | Room No: 11 | Check-in: 2025-02-10 | Check-out: 2025-02-24
2025-02-10T00:37:50.625+05:30  INFO 700 --- [pg-management-system] [http-nio-6002-exec-4] c.pgms.pgmanage.service.TenantService    : Checking active booking for Tenant ID 16: YES
2025-02-10T00:37:50.625+05:30  WARN 700 --- [pg-management-system] [http-nio-6002-exec-4] c.pgms.pgmanage.service.TenantService    : Booking failed: Tenant SanketChad21 already has an active booking.
2025-02-10T00:37:50.626+05:30  INFO 700 --- [pg-management-system] [http-nio-6002-exec-4] c.p.p.controller.TenantController        : Booking response for ganesh1@gmail.com: You already have an active booking (Pending/Approved).
2025-02-10T00:37:50.629+05:30  INFO 700 --- [pg-management-system] [http-nio-6002-exec-5] c.pgms.pgmanage.service.TenantService    : Fetching tenant with email: ganesh1@gmail.com
2025-02-10T00:37:50.631+05:30  INFO 700 --- [pg-management-system] [http-nio-6002-exec-5] c.p.p.controller.TenantController        : Tenant dashboard accessed by: ganesh1@gmail.com
2025-02-10T00:37:50.631+05:30  INFO 700 --- [pg-management-system] [http-nio-6002-exec-5] c.pgms.pgmanage.service.TenantService    : Fetching available rooms...
2025-02-10T00:37:50.633+05:30  INFO 700 --- [pg-management-system] [http-nio-6002-exec-5] c.pgms.pgmanage.service.TenantService    : Found 3 available rooms.
2025-02-10T00:37:50.633+05:30  INFO 700 --- [pg-management-system] [http-nio-6002-exec-5] c.pgms.pgmanage.service.TenantService    : Fetching allocated room number for tenant ID: 16
2025-02-10T00:37:50.636+05:30  INFO 700 --- [pg-management-system] [http-nio-6002-exec-5] c.pgms.pgmanage.service.TenantService    : Tenant ID 16 does not have an approved booking.
2025-02-10T00:37:50.636+05:30  INFO 700 --- [pg-management-system] [http-nio-6002-exec-5] c.p.p.controller.TenantController        : Displaying booking message: You already have an active booking (Pending/Approved).
2025-02-10T00:38:02.787+05:30  INFO 700 --- [pg-management-system] [http-nio-6002-exec-6] c.p.p.controller.ManagerController       : Manager accessing dashboard
2025-02-10T00:38:02.787+05:30  INFO 700 --- [pg-management-system] [http-nio-6002-exec-6] c.pgms.pgmanage.service.ManagerService   : Fetching pending bookings.
2025-02-10T00:38:02.793+05:30  INFO 700 --- [pg-management-system] [http-nio-6002-exec-6] c.pgms.pgmanage.service.ManagerService   : Fetching all tenants.
2025-02-10T00:38:02.798+05:30  INFO 700 --- [pg-management-system] [http-nio-6002-exec-6] c.pgms.pgmanage.service.ManagerService   : Fetching all bookings in descending order.
2025-02-10T00:38:04.368+05:30  INFO 700 --- [pg-management-system] [http-nio-6002-exec-3] c.p.p.controller.ManagerController       : Manager accessing dashboard
2025-02-10T00:38:04.369+05:30  INFO 700 --- [pg-management-system] [http-nio-6002-exec-3] c.pgms.pgmanage.service.ManagerService   : Fetching pending bookings.
2025-02-10T00:38:04.374+05:30  INFO 700 --- [pg-management-system] [http-nio-6002-exec-3] c.pgms.pgmanage.service.ManagerService   : Fetching all tenants.
2025-02-10T00:38:04.378+05:30  INFO 700 --- [pg-management-system] [http-nio-6002-exec-3] c.pgms.pgmanage.service.ManagerService   : Fetching all bookings in descending order.
2025-02-10T00:38:06.159+05:30  INFO 700 --- [pg-management-system] [http-nio-6002-exec-9] c.p.p.controller.ManagerController       : Manager approving booking ID: 25
2025-02-10T00:38:06.160+05:30  INFO 700 --- [pg-management-system] [http-nio-6002-exec-9] c.pgms.pgmanage.service.ManagerService   : Attempting to approve booking with ID: 25
2025-02-10T00:38:06.170+05:30  INFO 700 --- [pg-management-system] [http-nio-6002-exec-9] c.pgms.pgmanage.service.ManagerService   : Booking ID: 25 approved for Tenant: SanketChad21
2025-02-10T00:38:06.173+05:30  INFO 700 --- [pg-management-system] [http-nio-6002-exec-9] c.pgms.pgmanage.service.ManagerService   : Room 11 marked as occupied.
2025-02-10T00:38:06.176+05:30  INFO 700 --- [pg-management-system] [http-nio-6002-exec-4] c.p.p.controller.ManagerController       : Manager accessing dashboard
2025-02-10T00:38:06.176+05:30  INFO 700 --- [pg-management-system] [http-nio-6002-exec-4] c.pgms.pgmanage.service.ManagerService   : Fetching pending bookings.
2025-02-10T00:38:06.178+05:30  INFO 700 --- [pg-management-system] [http-nio-6002-exec-4] c.pgms.pgmanage.service.ManagerService   : Fetching all tenants.
2025-02-10T00:38:06.181+05:30  INFO 700 --- [pg-management-system] [http-nio-6002-exec-4] c.pgms.pgmanage.service.ManagerService   : Fetching all bookings in descending order.
2025-02-10T00:38:12.897+05:30  INFO 700 --- [pg-management-system] [http-nio-6002-exec-1] c.p.p.controller.ManagerController       : Manager logged out: admin@happyhomes.com
2025-02-10T00:38:12.901+05:30  INFO 700 --- [pg-management-system] [http-nio-6002-exec-6] c.p.p.controller.ManagerController       : Manager login page accessed
2025-02-10T00:38:17.215+05:30  INFO 700 --- [pg-management-system] [http-nio-6002-exec-5] c.p.pgmanage.controller.LoginController  : Tenant logged out: ganesh1@gmail.com
2025-02-10T00:38:17.219+05:30  INFO 700 --- [pg-management-system] [http-nio-6002-exec-3] c.p.pgmanage.controller.LoginController  : Tenant login page accessed
2025-02-10T00:38:20.896+05:30  INFO 700 --- [pg-management-system] [http-nio-6002-exec-4] c.p.pgmanage.controller.IndexController  : Accessed Contact Us Page
2025-02-10T00:38:23.198+05:30  INFO 700 --- [pg-management-system] [http-nio-6002-exec-8] c.p.pgmanage.controller.IndexController  : Accessed Home Page
2025-02-10T00:38:24.431+05:30  INFO 700 --- [pg-management-system] [http-nio-6002-exec-7] c.p.p.controller.RegisterController      : Accessed registration page
2025-02-10T00:39:31.894+05:30  INFO 700 --- [pg-management-system] [RMI TCP Connection(8)-127.0.0.1] inMXBeanRegistrar$SpringApplicationAdmin : Application shutdown requested.
2025-02-10T00:39:31.896+05:30  INFO 700 --- [pg-management-system] [RMI TCP Connection(8)-127.0.0.1] o.s.b.w.e.tomcat.GracefulShutdown        : Commencing graceful shutdown. Waiting for active requests to complete
2025-02-10T00:39:31.909+05:30  INFO 700 --- [pg-management-system] [tomcat-shutdown] o.s.b.w.e.tomcat.GracefulShutdown        : Graceful shutdown complete
2025-02-10T00:39:31.912+05:30  INFO 700 --- [pg-management-system] [RMI TCP Connection(8)-127.0.0.1] j.LocalContainerEntityManagerFactoryBean : Closing JPA EntityManagerFactory for persistence unit 'default'
2025-02-10T00:39:31.916+05:30  INFO 700 --- [pg-management-system] [RMI TCP Connection(8)-127.0.0.1] com.zaxxer.hikari.HikariDataSource       : HikariPool-1 - Shutdown initiated...
2025-02-10T00:39:31.920+05:30  INFO 700 --- [pg-management-system] [RMI TCP Connection(8)-127.0.0.1] com.zaxxer.hikari.HikariDataSource       : HikariPool-1 - Shutdown completed.
